<?xml version="1.0" encoding="UTF-8"?>
<testsuites>
<<<<<<< HEAD
  <testsuite name="Tests\App\Models\LigneLivraisonModelTest" file="C:\Users\ce pc\Desktop\devops atelier2\AuTestWin\tests\LigneLivraisonModelTest.php" tests="2" assertions="0" errors="2" failures="0" skipped="0" time="0.000000">
    <testcase name="testQtePositivePrixZero" file="C:\Users\ce pc\Desktop\devops atelier2\AuTestWin\tests\LigneLivraisonModelTest.php" line="25" class="Tests\App\Models\LigneLivraisonModelTest" classname="Tests.App.Models.LigneLivraisonModelTest" assertions="0" time="0.000000">
      <error type="CodeIgniter\Database\Exceptions\DatabaseException">Tests\App\Models\LigneLivraisonModelTest::testQtePositivePrixZero&#13;
CodeIgniter\Database\Exceptions\DatabaseException: Table 'users' already exists
&#13;
C:\Users\ce pc\Desktop\devops atelier2\AuTestWin\system\Database\BaseConnection.php:692
C:\Users\ce pc\Desktop\devops atelier2\AuTestWin\system\Database\Forge.php:570
C:\Users\ce pc\Desktop\devops atelier2\AuTestWin\app\Database\Migrations\2025-04-20-203852_CreateUsersTable.php:27
C:\Users\ce pc\Desktop\devops atelier2\AuTestWin\system\Database\MigrationRunner.php:866
C:\Users\ce pc\Desktop\devops atelier2\AuTestWin\system\Database\MigrationRunner.php:182
C:\Users\ce pc\Desktop\devops atelier2\AuTestWin\system\Test\DatabaseTestTrait.php:175
C:\Users\ce pc\Desktop\devops atelier2\AuTestWin\system\Test\DatabaseTestTrait.php:120
C:\Users\ce pc\Desktop\devops atelier2\AuTestWin\system\Test\DatabaseTestTrait.php:60
C:\Users\ce pc\Desktop\devops atelier2\AuTestWin\system\Test\CIUnitTestCase.php:251
C:\Users\ce pc\Desktop\devops atelier2\AuTestWin\tests\LigneLivraisonModelTest.php:19</error>
    </testcase>
    <testcase name="testPrixNegatif" file="C:\Users\ce pc\Desktop\devops atelier2\AuTestWin\tests\LigneLivraisonModelTest.php" line="41" class="Tests\App\Models\LigneLivraisonModelTest" classname="Tests.App.Models.LigneLivraisonModelTest" assertions="0" time="0.000000">
      <error type="CodeIgniter\Database\Exceptions\DatabaseException">Tests\App\Models\LigneLivraisonModelTest::testPrixNegatif&#13;
CodeIgniter\Database\Exceptions\DatabaseException: Table 'users' already exists
&#13;
C:\Users\ce pc\Desktop\devops atelier2\AuTestWin\system\Database\BaseConnection.php:692
C:\Users\ce pc\Desktop\devops atelier2\AuTestWin\system\Database\Forge.php:570
C:\Users\ce pc\Desktop\devops atelier2\AuTestWin\app\Database\Migrations\2025-04-20-203852_CreateUsersTable.php:27
C:\Users\ce pc\Desktop\devops atelier2\AuTestWin\system\Database\MigrationRunner.php:866
C:\Users\ce pc\Desktop\devops atelier2\AuTestWin\system\Database\MigrationRunner.php:182
C:\Users\ce pc\Desktop\devops atelier2\AuTestWin\system\Test\DatabaseTestTrait.php:175
C:\Users\ce pc\Desktop\devops atelier2\AuTestWin\system\Test\DatabaseTestTrait.php:120
C:\Users\ce pc\Desktop\devops atelier2\AuTestWin\system\Test\DatabaseTestTrait.php:60
C:\Users\ce pc\Desktop\devops atelier2\AuTestWin\system\Test\CIUnitTestCase.php:251
C:\Users\ce pc\Desktop\devops atelier2\AuTestWin\tests\LigneLivraisonModelTest.php:19</error>
    </testcase>
=======
  <testsuite name="C:\wamp64\www\tt\AuTestWin\phpunit.xml.dist" tests="13" assertions="16" errors="0" failures="0" skipped="0" time="2.491709">
    <testsuite name="App" tests="13" assertions="16" errors="0" failures="0" skipped="0" time="2.491709">
      <testsuite name="App\Tests\Models\ArticleModelTest" file="C:\wamp64\www\tt\AuTestWin\tests\ArticleModelTest.php" tests="3" assertions="3" errors="0" failures="0" skipped="0" time="1.005305">
        <testcase name="testFindAllArticles" file="C:\wamp64\www\tt\AuTestWin\tests\ArticleModelTest.php" line="10" class="App\Tests\Models\ArticleModelTest" classname="App.Tests.Models.ArticleModelTest" assertions="1" time="0.886338"/>
        <testcase name="testInsertArticle" file="C:\wamp64\www\tt\AuTestWin\tests\ArticleModelTest.php" line="18" class="App\Tests\Models\ArticleModelTest" classname="App.Tests.Models.ArticleModelTest" assertions="1" time="0.045858"/>
        <testcase name="testUniqueReference" file="C:\wamp64\www\tt\AuTestWin\tests\ArticleModelTest.php" line="31" class="App\Tests\Models\ArticleModelTest" classname="App.Tests.Models.ArticleModelTest" assertions="1" time="0.073108"/>
      </testsuite>
      <testsuite name="App\Tests\Models\BnLivraisonModelTest" file="C:\wamp64\www\tt\AuTestWin\tests\BnLivraisonModelTest.php" tests="3" assertions="5" errors="0" failures="0" skipped="0" time="0.669963">
        <testcase name="testFindAllUsers" file="C:\wamp64\www\tt\AuTestWin\tests\BnLivraisonModelTest.php" line="9" class="App\Tests\Models\BnLivraisonModelTest" classname="App.Tests.Models.BnLivraisonModelTest" assertions="1" time="0.196282"/>
        <testcase name="testInsertFailsWithoutClient" file="C:\wamp64\www\tt\AuTestWin\tests\BnLivraisonModelTest.php" line="17" class="App\Tests\Models\BnLivraisonModelTest" classname="App.Tests.Models.BnLivraisonModelTest" assertions="2" time="0.431183"/>
        <testcase name="testInsertSucceedsWithValidData" file="C:\wamp64\www\tt\AuTestWin\tests\BnLivraisonModelTest.php" line="32" class="App\Tests\Models\BnLivraisonModelTest" classname="App.Tests.Models.BnLivraisonModelTest" assertions="2" time="0.042498"/>
      </testsuite>
      <testsuite name="App\Tests\Models\UserModelTest" file="C:\wamp64\www\tt\AuTestWin\tests\UserModelTest.php" tests="2" assertions="2" errors="0" failures="0" skipped="0" time="0.099423">
        <testcase name="testFindAllUsers" file="C:\wamp64\www\tt\AuTestWin\tests\UserModelTest.php" line="9" class="App\Tests\Models\UserModelTest" classname="App.Tests.Models.UserModelTest" assertions="1" time="0.050558"/>
        <testcase name="testInsertUser" file="C:\wamp64\www\tt\AuTestWin\tests\UserModelTest.php" line="17" class="App\Tests\Models\UserModelTest" classname="App.Tests.Models.UserModelTest" assertions="1" time="0.048864"/>
      </testsuite>
      <testsuite name="ExampleDatabaseTest" file="C:\wamp64\www\tt\AuTestWin\tests\database\ExampleDatabaseTest.php" tests="2" assertions="3" errors="0" failures="0" skipped="0" time="0.574563">
        <testcase name="testModelFindAll" file="C:\wamp64\www\tt\AuTestWin\tests\database\ExampleDatabaseTest.php" line="17" class="ExampleDatabaseTest" classname="ExampleDatabaseTest" assertions="1" time="0.298989"/>
        <testcase name="testSoftDeleteLeavesRow" file="C:\wamp64\www\tt\AuTestWin\tests\database\ExampleDatabaseTest.php" line="28" class="ExampleDatabaseTest" classname="ExampleDatabaseTest" assertions="2" time="0.275574"/>
      </testsuite>
      <testsuite name="ExampleSessionTest" file="C:\wamp64\www\tt\AuTestWin\tests\session\ExampleSessionTest.php" tests="1" assertions="1" errors="0" failures="0" skipped="0" time="0.046238">
        <testcase name="testSessionSimple" file="C:\wamp64\www\tt\AuTestWin\tests\session\ExampleSessionTest.php" line="10" class="ExampleSessionTest" classname="ExampleSessionTest" assertions="1" time="0.046238"/>
      </testsuite>
      <testsuite name="HealthTest" file="C:\wamp64\www\tt\AuTestWin\tests\unit\HealthTest.php" tests="2" assertions="2" errors="0" failures="0" skipped="0" time="0.096218">
        <testcase name="testIsDefinedAppPath" file="C:\wamp64\www\tt\AuTestWin\tests\unit\HealthTest.php" line="12" class="HealthTest" classname="HealthTest" assertions="1" time="0.045252"/>
        <testcase name="testBaseUrlHasBeenSet" file="C:\wamp64\www\tt\AuTestWin\tests\unit\HealthTest.php" line="17" class="HealthTest" classname="HealthTest" assertions="1" time="0.050966"/>
      </testsuite>
    </testsuite>
>>>>>>> 054ff1c83874efa97ebcce26ae59e82a32b0369c
  </testsuite>
</testsuites>
